<?xml version="1.0" encoding="UTF-8"?>
<testng-results ignored="0" total="1" passed="1" failed="0" skipped="0">
  <reporter-output>
  </reporter-output>
  <suite started-at="2025-09-11T10:14:27 IST" name="Default suite" finished-at="2025-09-11T10:14:52 IST" duration-ms="24996">
    <groups>
    </groups>
    <test started-at="2025-09-11T10:14:27 IST" name="Default test" finished-at="2025-09-11T10:14:52 IST" duration-ms="24996">
      <class name="testscripts.LoginTest">
        <test-method is-config="true" signature="initialiseBrowser()[pri:0, instance:testscripts.LoginTest@4c12331b]" started-at="2025-09-11T10:14:27 IST" name="initialiseBrowser" finished-at="2025-09-11T10:14:51 IST" duration-ms="23106" status="PASS">
          <reporter-output>
          </reporter-output>
        </test-method> <!-- initialiseBrowser -->
        <test-method signature="verifyLoginWithValidCredentials()[pri:0, instance:testscripts.LoginTest@4c12331b]" started-at="2025-09-11T10:14:51 IST" name="verifyLoginWithValidCredentials" finished-at="2025-09-11T10:14:52 IST" duration-ms="1828" status="PASS">
          <reporter-output>
          </reporter-output>
        </test-method> <!-- verifyLoginWithValidCredentials -->
        <test-method is-config="true" signature="browserClose()[pri:0, instance:testscripts.LoginTest@4c12331b]" started-at="2025-09-11T10:14:52 IST" name="browserClose" finished-at="2025-09-11T10:14:52 IST" duration-ms="7" status="PASS">
          <reporter-output>
          </reporter-output>
        </test-method> <!-- browserClose -->
      </class> <!-- testscripts.LoginTest -->
    </test> <!-- Default test -->
  </suite> <!-- Default suite -->
</testng-results>
