<?xml version="1.0" encoding="UTF-8"?>
<testng-results ignored="0" total="4" passed="4" failed="0" skipped="0">
  <reporter-output>
  </reporter-output>
  <suite started-at="2025-09-10T12:11:10 IST" name="Default suite" finished-at="2025-09-10T12:11:25 IST" duration-ms="14862">
    <groups>
    </groups>
    <test started-at="2025-09-10T12:11:10 IST" name="Default test" finished-at="2025-09-10T12:11:25 IST" duration-ms="14862">
      <class name="testscripts.LoginTest">
        <test-method is-config="true" signature="initialiseBrowser()[pri:0, instance:testscripts.LoginTest@4c402120]" started-at="2025-09-10T12:11:10 IST" name="initialiseBrowser" finished-at="2025-09-10T12:11:15 IST" duration-ms="5079" status="PASS">
          <reporter-output>
          </reporter-output>
        </test-method> <!-- initialiseBrowser -->
        <test-method signature="verifyLoginWithInvalidCredentials()[pri:0, instance:testscripts.LoginTest@4c402120]" started-at="2025-09-10T12:11:15 IST" name="verifyLoginWithInvalidCredentials" finished-at="2025-09-10T12:11:16 IST" duration-ms="1555" status="PASS">
          <reporter-output>
          </reporter-output>
        </test-method> <!-- verifyLoginWithInvalidCredentials -->
        <test-method is-config="true" signature="browserClose()[pri:0, instance:testscripts.LoginTest@4c402120]" started-at="2025-09-10T12:11:16 IST" name="browserClose" finished-at="2025-09-10T12:11:16 IST" duration-ms="2" status="PASS">
          <reporter-output>
          </reporter-output>
        </test-method> <!-- browserClose -->
        <test-method is-config="true" signature="initialiseBrowser()[pri:0, instance:testscripts.LoginTest@4c402120]" started-at="2025-09-10T12:11:16 IST" name="initialiseBrowser" finished-at="2025-09-10T12:11:18 IST" duration-ms="1628" status="PASS">
          <reporter-output>
          </reporter-output>
        </test-method> <!-- initialiseBrowser -->
        <test-method signature="verifyLoginWithInvalidUsernameAndValidPassword()[pri:0, instance:testscripts.LoginTest@4c402120]" started-at="2025-09-10T12:11:18 IST" name="verifyLoginWithInvalidUsernameAndValidPassword" finished-at="2025-09-10T12:11:19 IST" duration-ms="545" status="PASS">
          <reporter-output>
          </reporter-output>
        </test-method> <!-- verifyLoginWithInvalidUsernameAndValidPassword -->
        <test-method is-config="true" signature="browserClose()[pri:0, instance:testscripts.LoginTest@4c402120]" started-at="2025-09-10T12:11:19 IST" name="browserClose" finished-at="2025-09-10T12:11:19 IST" duration-ms="0" status="PASS">
          <reporter-output>
          </reporter-output>
        </test-method> <!-- browserClose -->
        <test-method is-config="true" signature="initialiseBrowser()[pri:0, instance:testscripts.LoginTest@4c402120]" started-at="2025-09-10T12:11:19 IST" name="initialiseBrowser" finished-at="2025-09-10T12:11:20 IST" duration-ms="1710" status="PASS">
          <reporter-output>
          </reporter-output>
        </test-method> <!-- initialiseBrowser -->
        <test-method signature="verifyLoginWithValidCredentials()[pri:0, instance:testscripts.LoginTest@4c402120]" started-at="2025-09-10T12:11:20 IST" name="verifyLoginWithValidCredentials" finished-at="2025-09-10T12:11:22 IST" duration-ms="1516" status="PASS">
          <reporter-output>
          </reporter-output>
        </test-method> <!-- verifyLoginWithValidCredentials -->
        <test-method is-config="true" signature="browserClose()[pri:0, instance:testscripts.LoginTest@4c402120]" started-at="2025-09-10T12:11:22 IST" name="browserClose" finished-at="2025-09-10T12:11:22 IST" duration-ms="4" status="PASS">
          <reporter-output>
          </reporter-output>
        </test-method> <!-- browserClose -->
        <test-method is-config="true" signature="initialiseBrowser()[pri:0, instance:testscripts.LoginTest@4c402120]" started-at="2025-09-10T12:11:22 IST" name="initialiseBrowser" finished-at="2025-09-10T12:11:24 IST" duration-ms="2086" status="PASS">
          <reporter-output>
          </reporter-output>
        </test-method> <!-- initialiseBrowser -->
        <test-method signature="verifyLoginWithValidUsernameAndInvalidPassword()[pri:0, instance:testscripts.LoginTest@4c402120]" started-at="2025-09-10T12:11:24 IST" name="verifyLoginWithValidUsernameAndInvalidPassword" finished-at="2025-09-10T12:11:25 IST" duration-ms="643" status="PASS">
          <reporter-output>
          </reporter-output>
        </test-method> <!-- verifyLoginWithValidUsernameAndInvalidPassword -->
        <test-method is-config="true" signature="browserClose()[pri:0, instance:testscripts.LoginTest@4c402120]" started-at="2025-09-10T12:11:25 IST" name="browserClose" finished-at="2025-09-10T12:11:25 IST" duration-ms="0" status="PASS">
          <reporter-output>
          </reporter-output>
        </test-method> <!-- browserClose -->
      </class> <!-- testscripts.LoginTest -->
    </test> <!-- Default test -->
  </suite> <!-- Default suite -->
</testng-results>
