<?xml version="1.0" encoding="UTF-8"?>
<!-- Generated by org.testng.reporters.JUnitXMLReporter -->
<testsuite ignored="3" hostname="DESKTOP-4JV5ODS" failures="0" tests="1" name="Default test" time="2.799" errors="0" timestamp="2025-09-08T14:33:57 IST">
  <testcase classname="testscripts.LoginTest" name="verifyLoginWithInvalidCredentials" time="0.435"/>
  <testcase classname="testscripts.LoginTest" name="verifyLoginWithValidUsernameAndInvalidPassword" time="0.0">
    <ignored/>
  </testcase> <!-- verifyLoginWithValidUsernameAndInvalidPassword -->
  <testcase classname="testscripts.LoginTest" name="verifyLoginWithValidCredentials" time="0.0">
    <ignored/>
  </testcase> <!-- verifyLoginWithValidCredentials -->
  <testcase classname="testscripts.LoginTest" name="verifyLoginWithInvalidUsernameAndValidPassword" time="0.0">
    <ignored/>
  </testcase> <!-- verifyLoginWithInvalidUsernameAndValidPassword -->
</testsuite> <!-- Default test -->
